2025-01-14 20:42:30.009052 - User: Anonymous - Path: /
2025-01-14 20:42:30.724124 - User: Anonymous - Path: /favicon.ico
2025-01-14 20:42:36.682712 - User: Anonymous - Path: /admin
2025-01-14 20:42:36.700387 - User: Anonymous - Path: /admin/
2025-01-14 20:42:36.728997 - User: Anonymous - Path: /admin/login/
2025-01-14 20:42:48.125226 - User: Anonymous - Path: /admin/login/
2025-01-14 20:42:48.509487 - User: mikelesnr - Path: /admin/
2025-01-14 20:42:56.601875 - User: mikelesnr - Path: /admin/token_blacklist/blacklistedtoken/
2025-01-14 20:42:56.708413 - User: mikelesnr - Path: /admin/jsi18n/
2025-01-14 20:43:00.182897 - User: mikelesnr - Path: /admin/token_blacklist/outstandingtoken/
2025-01-14 20:43:37.909405 - User: mikelesnr - Path: /admin/token_blacklist/outstandingtoken/
2025-01-14 20:43:59.762807 - User: mikelesnr - Path: /admin/auth/group/
2025-01-14 20:43:59.815247 - User: mikelesnr - Path: /admin/jsi18n/
2025-01-14 20:44:02.042282 - User: mikelesnr - Path: /admin/token_blacklist/blacklistedtoken/
2025-01-14 20:44:02.107344 - User: mikelesnr - Path: /admin/jsi18n/
2025-01-14 20:44:22.615950 - User: mikelesnr - Path: /
2025-01-14 20:44:32.598682 - User: mikelesnr - Path: /swagger/
2025-01-14 20:44:32.950683 - User: mikelesnr - Path: /swagger/
2025-01-14 21:16:33.955816 - User: mikelesnr - Path: /admin
2025-01-14 21:16:49.451173 - User: mikelesnr - Path: /swagger/
2025-01-14 21:17:43.922099 - User: mikelesnr - Path: /swagger/
2025-01-14 21:17:45.600827 - User: mikelesnr - Path: /swagger/
2025-01-14 21:17:46.451788 - User: mikelesnr - Path: /swagger/
